nohup: ignoring input
Port 2000 is already in use. Trying 2001 instead.
Port 2001 is already in use. Trying 2002 instead.
- Preparing local Mintlify instance...
Invalid image buffer
✔ Local Mintlify instance is ready. Launching your site...
🌿 Your local preview is available at http://localhost:2002
🌿 Press Ctrl+C any time to stop the local preview.
Invalid category
Page edited:  en/introduction.mdx
Invalid category
Page edited:  en/introduction.mdx
Invalid category
Page edited:  en/introduction.mdx
Page edited:  zh-Hant/introduction.mdx
Invalid category
Invalid category
Page edited:  zh-Hant/introduction.mdx
dx
Invalid category
Invalid category
Page edited:  en/introduction.mdx
Invalid category
Page edited:  en/introduction.mdx
Invalid category
Invalid category
Invalid category
Page edited:  zh-Hant/introduction.mdx
Page edited:  zh-Hant/introduction.mdx
Invalid category
Invalid category
Page edited:  zh-Hant/introduction.mdx
Invalid category
Page edited:  en/introduction.mdx
Invalid category
Page edited:  zh-Hant/introduction.mdx
Invalid category
Page edited:  zh-Hant/introduction.mdx
Invalid category
Page edited:  zh-Hant/introduction.mdx
Invalid category
Page edited:  zh-Hant/introduction.mdx
Invalid category
Page edited:  zh-Hant/introduction.mdx
Invalid category
Page edited:  zh-Hant/introduction.mdx
Invalid category
Page edited:  zh-Hant/introduction.mdx
Invalid category
Page edited:  zh-Hant/introduction.mdx
Invalid category
Page edited:  en/introduction.mdx
Invalid category
Page edited:  zh-Hant/introduction.mdx
Invalid category
Page edited:  en/introduction.mdx
Invalid category
Static file added:  images/miniprogram/1e.png
Invalid category
Static file edited:  images/miniprogram/1e.png
Invalid category
Static file added:  images/miniprogram/1z.png
Invalid category
Static file edited:  images/miniprogram/1z.png
Invalid category
Static file added:  images/miniprogram/2e.png
Invalid category
Static file edited:  images/miniprogram/2e.png
Invalid category
Static file added:  images/miniprogram/2z.png
Invalid category
Static file edited:  images/miniprogram/2z.png
Invalid category
Static file added:  images/miniprogram/3e.png
Invalid category
Static file edited:  images/miniprogram/3e.png
Invalid category
Static file edited:  images/miniprogram/3e.png
Invalid category
Static file added:  images/miniprogram/3z.png
Invalid category
Static file edited:  images/miniprogram/3z.png
Invalid category
Static file edited:  images/miniprogram/3z.png
Invalid category
Static file added:  images/miniprogram/4e.png
Invalid category
Static file edited:  images/miniprogram/4e.png
Invalid category
Static file added:  images/miniprogram/4z.png
Invalid category
Static file edited:  images/miniprogram/4z.png
Invalid category
Static file added:  images/miniprogram/5e.png
Invalid category
Static file edited:  images/miniprogram/5e.png
Invalid category
Static file edited:  images/miniprogram/5e.png
Invalid category
Static file added:  images/miniprogram/5z.png
Invalid category
Static file edited:  images/miniprogram/5z.png
Invalid category
Static file edited:  images/miniprogram/5z.png
Invalid category
Static file added:  images/miniprogram/6e.png
Invalid category
Static file edited:  images/miniprogram/6e.png
Invalid category
Static file added:  images/miniprogram/6z.png
Invalid category
Static file edited:  images/miniprogram/6z.png
Invalid category
Static file added:  images/miniprogram/7e.png
Invalid category
Static file edited:  images/miniprogram/7e.png
Invalid category
Static file added:  images/miniprogram/7z.png
Invalid category
Static file edited:  images/miniprogram/7z.png
Invalid category
Static file added:  images/miniprogram/8e.png
Invalid category
Static file edited:  images/miniprogram/8e.png
Invalid category
Static file added:  images/miniprogram/8z.png
Invalid category
Static file edited:  images/miniprogram/8z.png
Invalid category
Static file added:  images/miniprogram/9e.png
Invalid category
Static file edited:  images/miniprogram/9e.png
Invalid category
Static file added:  images/miniprogram/9z.png
Invalid category
Static file edited:  images/miniprogram/9z.png
Invalid category
Static file added:  images/miniprogram/10e.png
Invalid category
Static file edited:  images/miniprogram/10e.png
Invalid category
Static file added:  images/miniprogram/10z.png
Invalid category
Static file edited:  images/miniprogram/10z.png
Page edited:  en/introduction.mdx
Invalid category
Page edited:  zh-Hant/introduction.mdx
Invalid category
Page edited:  zh-Hant/introduction.mdx
Invalid category
Page edited:  en/introduction.mdx
Invalid category
Page edited:  en/introduction.mdx
Invalid category
Page edited:  zh-Hant/introduction.mdx
Invalid category
Page edited:  en/introduction.mdx
Invalid category
Page edited:  en/introduction.mdx
Invalid category
Page edited:  en/introduction.mdx
Invalid category
Page edited:  en/introduction.mdx
Invalid category
Page edited:  en/introduction.mdx
Invalid category
🚨 Invalid docs.json:
#.appearance: Invalid type. Expected field to be of type 'object', received 'string'
Error
    at ConfigUpdater.validateConfigJsonString (file:///home/dwebsite/node/lib/node_modules/mintlify/node_modules/@mintlify/prebuild/dist/prebuild/update/ConfigUpdater.js:15:23)
    at ConfigUpdater.getConfig (file:///home/dwebsite/node/lib/node_modules/mintlify/node_modules/@mintlify/prebuild/dist/prebuild/update/ConfigUpdater.js:70:46)
Invalid category
🚨 Invalid docs.json:
#.appearance: Invalid type. Expected field to be of type 'object', received 'string'

Invalid category
🚨 Invalid docs.json:
#.appearance: Invalid type. Expected field to be of type 'object', received 'string'
Error
    at ConfigUpdater.validateConfigJsonString (file:///home/dwebsite/node/lib/node_modules/mintlify/node_modules/@mintlify/prebuild/dist/prebuild/update/ConfigUpdater.js:15:23)
    at ConfigUpdater.getConfig (file:///home/dwebsite/node/lib/node_modules/mintlify/node_modules/@mintlify/prebuild/dist/prebuild/update/ConfigUpdater.js:70:46)
Invalid category
🚨 Invalid docs.json:
#.appearance: Invalid type. Expected field to be of type 'object', received 'string'

Invalid category
🚨 Invalid docs.json:
#.appearance: Invalid type. Expected field to be of type 'object', received 'string'
Error
    at ConfigUpdater.validateConfigJsonString (file:///home/dwebsite/node/lib/node_modules/mintlify/node_modules/@mintlify/prebuild/dist/prebuild/update/ConfigUpdater.js:15:23)
    at ConfigUpdater.getConfig (file:///home/dwebsite/node/lib/node_modules/mintlify/node_modules/@mintlify/prebuild/dist/prebuild/update/ConfigUpdater.js:70:46)
Invalid category
🚨 Invalid docs.json:
#.appearance: Invalid type. Expected field to be of type 'object', received 'string'

Invalid category
🚨 Invalid docs.json:
#.appearance: Invalid type. Expected field to be of type 'object', received 'string'
Error
    at ConfigUpdater.validateConfigJsonString (file:///home/dwebsite/node/lib/node_modules/mintlify/node_modules/@mintlify/prebuild/dist/prebuild/update/ConfigUpdater.js:15:23)
    at ConfigUpdater.getConfig (file:///home/dwebsite/node/lib/node_modules/mintlify/node_modules/@mintlify/prebuild/dist/prebuild/update/ConfigUpdater.js:70:46)
Invalid category
🚨 Invalid docs.json:
#.appearance: Invalid type. Expected field to be of type 'object', received 'string'

Invalid category
Config edited
Invalid category
Config edited
Invalid category
Config edited
Invalid category
Config edited
Invalid category
Config edited
Invalid category
Page edited:  zh-Hant/introduction.mdx
Invalid category
Page edited:  zh-Hant/introduction.mdx
Invalid category
Page edited:  zh-Hant/introduction.mdx
Invalid category
Page edited:  zh-Hant/introduction.mdx
Invalid category
⚠️   "zh-Hant/architecture" is defined in the docs.json navigation but the file does not exist.
⚠️   "en/architecture" is defined in the docs.json navigation but the file does not exist.
Invalid category
Config edited
⚠️   "zh-Hant/architecture" is defined in the docs.json navigation but the file does not exist.
⚠️   "en/systemarchitecture" is defined in the docs.json navigation but the file does not exist.
Invalid category
Config edited
⚠️   "zh-Hant/architecture" is defined in the docs.json navigation but the file does not exist.
⚠️   "en/systemaarchitecture" is defined in the docs.json navigation but the file does not exist.
Invalid category
Config edited
⚠️   "zh-Hant/architecture" is defined in the docs.json navigation but the file does not exist.
⚠️   "en/systemaarchitecture" is defined in the docs.json navigation but the file does not exist.
Invalid category
New page detected:  zh-Hant/systemaarchitecture.mdx
⚠️   "zh-Hant/architecture" is defined in the docs.json navigation but the file does not exist.
Invalid category
New page detected:  en/systemaarchitecture.mdx
⚠️   "zh-Hant/architecture" is defined in the docs.json navigation but the file does not exist.
Invalid category
Page edited:  zh-Hant/systemaarchitecture.mdx
⚠️   "zh-Hant/architecture" is defined in the docs.json navigation but the file does not exist.
Invalid category
Page edited:  zh-Hant/systemaarchitecture.mdx
⚠️   "zh-Hant/architecture" is defined in the docs.json navigation but the file does not exist.
Invalid category
Page edited:  en/systemaarchitecture.mdx
⚠️   "zh-Hant/architecture" is defined in the docs.json navigation but the file does not exist.
Invalid category
Page edited:  en/systemaarchitecture.mdx
⚠️   "zh-Hant/architecture" is defined in the docs.json navigation but the file does not exist.
Invalid category
Page edited:  zh-Hant/systemaarchitecture.mdx
⚠️   "zh-Hant/architecture" is defined in the docs.json navigation but the file does not exist.
Invalid category
Page edited:  zh-Hant/systemaarchitecture.mdx
⚠️   "zh-Hant/architecture" is defined in the docs.json navigation but the file does not exist.
Invalid category
Page edited:  en/systemaarchitecture.mdx
⚠️   "zh-Hant/architecture" is defined in the docs.json navigation but the file does not exist.
Invalid category
Page edited:  zh-Hant/systemaarchitecture.mdx
⚠️   "zh-Hant/architecture" is defined in the docs.json navigation but the file does not exist.
Invalid category
Page edited:  zh-Hant/systemaarchitecture.mdx
Page deleted: zh-Hant/systemaarchitecture.mdx
Invalid category
⚠️   "zh-Hant/architecture" is defined in the docs.json navigation but the file does not exist.
Invalid category
New page detected:  zh-Hant/systemarchitecture.mdx
Page deleted: en/systemaarchitecture.mdx
Invalid category
⚠️   "zh-Hant/architecture" is defined in the docs.json navigation but the file does not exist.
⚠️   "en/systemaarchitecture" is defined in the docs.json navigation but the file does not exist.
Invalid category
New page detected:  en/systemarchitecture.mdx
⚠️   "zh-Hant/architecture" is defined in the docs.json navigation but the file does not exist.
Invalid category
Config edited
Config edited
Invalid category
Page edited:  zh-Hant/systemarchitecture.mdx
Invalid category
Page edited:  zh-Hant/systemarchitecture.mdx
Invalid category
Page edited:  zh-Hant/systemarchitecture.mdx
Invalid category
Page edited:  zh-Hant/systemarchitecture.mdx
Invalid category
Page edited:  zh-Hant/systemarchitecture.mdx
Invalid category
Page edited:  zh-Hant/systemarchitecture.mdx
Invalid category
Page edited:  zh-Hant/systemarchitecture.mdx
Invalid category
Page edited:  zh-Hant/systemarchitecture.mdx
Invalid category
Page edited:  zh-Hant/systemarchitecture.mdx
Invalid category
Page edited:  zh-Hant/systemarchitecture.mdx
Invalid category
Page edited:  zh-Hant/systemarchitecture.mdx
Invalid category
Page edited:  zh-Hant/systemarchitecture.mdx
Invalid category
Page edited:  zh-Hant/systemarchitecture.mdx
Invalid category
Page edited:  zh-Hant/systemarchitecture.mdx
Invalid category
Page edited:  en/systemarchitecture.mdx
Invalid category
Page edited:  en/systemarchitecture.mdx
Invalid category
Page edited:  en/systemarchitecture.mdx
Invalid category
Page edited:  en/systemarchitecture.mdx
Invalid category
Page edited:  en/systemarchitecture.mdx
Invalid category
Page edited:  en/systemarchitecture.mdx
Invalid category
Page edited:  en/systemarchitecture.mdx
Invalid category
Page edited:  en/systemarchitecture.mdx
Invalid category
Page edited:  en/systemarchitecture.mdx
Invalid category
Page edited:  en/systemarchitecture.mdx
Invalid category
Page edited:  en/systemarchitecture.mdx
Invalid category
Page edited:  en/systemarchitecture.mdx
Invalid category
Page edited:  en/systemarchitecture.mdx
Invalid category
Page edited:  en/systemarchitecture.mdx
Invalid category
Page edited:  en/systemarchitecture.mdx
Invalid category
Page edited:  en/systemarchitecture.mdx
Invalid category
Page edited:  en/systemarchitecture.mdx
Invalid category
Page edited:  en/systemarchitecture.mdx
Invalid category
Page edited:  en/systemarchitecture.mdx
Invalid category
Page edited:  en/systemarchitecture.mdx
Invalid category
Page edited:  en/systemarchitecture.mdx
Invalid category
Page edited:  en/systemarchitecture.mdx
Invalid category
Page edited:  en/quickregistration.mdx
Invalid category
Page edited:  zh-Hant/quickregistration.mdx
Invalid category
Page edited:  zh-Hant/quickregistration.mdx
Invalid category
Page edited:  zh-Hant/quickregistration.mdx
Invalid category
Page edited:  zh-Hant/quickregistration.mdx
Invalid category
Page edited:  en/quickregistration.mdx
Invalid category
Page edited:  en/quickregistration.mdx
Invalid category
Page edited:  en/quickregistration.mdx
Invalid category
Page edited:  en/quickregistration.mdx
Invalid category
Page edited:  en/quickregistration.mdx
Invalid category
Page edited:  en/quickregistration.mdx
Invalid category
Page edited:  en/systemarchitecture.mdx
Invalid category
Page edited:  en/systemarchitecture.mdx
Invalid category
Page edited:  en/systemarchitecture.mdx
Invalid category
Page edited:  en/systemarchitecture.mdx
Invalid category
Page edited:  en/systemarchitecture.mdx
Invalid category
Page edited:  zh-Hant/systemarchitecture.mdx
Invalid category
Page edited:  zh-Hant/systemarchitecture.mdx
Invalid category
Page edited:  zh-Hant/systemarchitecture.mdx
Invalid category
Page edited:  en/quickregistration.mdx
Invalid category
Page edited:  zh-Hant/quickregistration.mdx
Invalid category
Page edited:  zh-Hant/introduction.mdx
Invalid category
Page edited:  zh-Hant/introduction.mdx
Invalid category
Page edited:  en/introduction.mdx
Invalid category
Page edited:  en/introduction.mdx
Invalid category
Page edited:  zh-Hant/introduction.mdx
Invalid category
Page edited:  zh-Hant/createminiprogram.mdx
Invalid category
Page edited:  en/createminiprogram.mdx
Invalid category
Page edited:  zh-Hant/createminiprogram.mdx
Invalid category
Page edited:  en/createminiprogram.mdx
Invalid category
Page edited:  en/createminiprogram.mdx
Invalid category
Page edited:  zh-Hant/createminiprogram.mdx
Invalid category
Page edited:  zh-Hant/createminiprogram.mdx
Invalid category
Page edited:  en/createminiprogram.mdx
Invalid category
Page edited:  en/createminiprogram.mdx
Invalid category
Page edited:  en/createminiprogram.mdx
Invalid category
Page edited:  en/createminiprogram.mdx
Invalid category
Page edited:  zh-Hant/createminiprogram.mdx
Invalid category
Page edited:  zh-Hant/createminiprogram.mdx
Invalid category
Page edited:  zh-Hant/createminiprogram.mdx
Invalid category
Page edited:  en/createminiprogram.mdx
Invalid category
Page edited:  en/createminiprogram.mdx
Invalid category
Page edited:  en/createminiprogram.mdx
Invalid category
Page edited:  zh-Hant/createminiprogram.mdx
Invalid category
Page edited:  en/createminiprogram.mdx
Invalid category
Page edited:  zh-Hant/publishversion.mdx
Invalid category
Page edited:  zh-Hant/publishversion.mdx
Invalid category
Page edited:  zh-Hant/publishversion.mdx
Invalid category
Page edited:  zh-Hant/publishversion.mdx
Invalid category
Page edited:  en/publishversion.mdx
Invalid category
Page edited:  en/publishversion.mdx
Invalid category
Page edited:  en/publishversion.mdx
Invalid category
Page edited:  zh-Hant/publishversion.mdx
Invalid category
Page edited:  zh-Hant/publishversion.mdx
Invalid category
Page edited:  zh-Hant/publishversion.mdx
Invalid category
Page edited:  zh-Hant/publishversion.mdx
Invalid category
Page edited:  zh-Hant/publishversion.mdx
Invalid category
Page edited:  zh-Hant/publishversion.mdx
Invalid category
Page edited:  zh-Hant/publishversion.mdx
Invalid category
Page edited:  zh-Hant/publishversion.mdx
Invalid category
Page edited:  zh-Hant/publishversion.mdx
Invalid category
Page edited:  en/publishversion.mdx
Invalid category
Page edited:  en/publishversion.mdx
Invalid category
Page edited:  en/publishversion.mdx
Invalid category
Page edited:  en/publishversion.mdx
Invalid category
Page edited:  en/publishversion.mdx
Invalid category
Page edited:  zh-Hant/introductionsdk.mdx
Invalid category
Page edited:  en/introductionsdk.mdx
Invalid category
Page edited:  zh-Hant/introductionsdk.mdx
Invalid category
Page edited:  zh-Hant/introductionsdk.mdx
Invalid category
Page edited:  en/introductionsdk.mdx
Invalid category
Page edited:  en/introductionsdk.mdx
Invalid category
Page edited:  zh-Hant/introductionsdk.mdx
Invalid category
Page edited:  zh-Hant/introductionsdk.mdx
Invalid category
Page edited:  en/introductionsdk.mdx
Invalid category
Page edited:  zh-Hant/quickinstallsdk.mdx
Invalid category
Page edited:  zh-Hant/quickinstallsdk.mdx
Invalid category
Page edited:  en/quickinstallsdk.mdx
Invalid category
Page edited:  zh-Hant/introduction.mdx
Invalid category
Page edited:  zh-Hant/quickinstallsdk.mdx
Invalid category
Page edited:  zh-Hant/quickinstallsdk.mdx
Invalid category
Page edited:  zh-Hant/quickinstallsdk.mdx
Invalid category
Page edited:  en/quickinstallsdk.mdx
Invalid category
Page edited:  en/quickinstallsdk.mdx
Invalid category
Page edited:  zh-Hant/quickinstallsdk.mdx
Invalid category
Page edited:  zh-Hant/quickinstallsdk.mdx
Invalid category
Page edited:  en/quickinstallsdk.mdx
Invalid category
Config edited
Invalid category
Config edited
Invalid category
Config edited
Invalid category
Page edited:  zh-Hant/introductionsdk.mdx
Invalid category
Page edited:  zh-Hant/introductionsdk.mdx
Invalid category
Page edited:  en/introductionsdk.mdx
Invalid category
Page edited:  en/introductionsdk.mdx
Invalid category
Page edited:  en/introduction.mdx
Invalid category
Page edited:  zh-Hant/introduction.mdx
Invalid category
Config edited
Invalid category
Config edited
Invalid category
Page edited:  zh-Hant/quickinstallapi.mdx
Invalid category
Page edited:  en/quickinstallapi.mdx
Invalid category
Page edited:  en/quickinstallapi.mdx
Invalid category
Page edited:  zh-Hant/quickinstallapi.mdx
Invalid category
Page edited:  zh-Hant/introduction.mdx
Invalid category
Page edited:  zh-Hant/introduction.mdx
Invalid category
Page edited:  en/introduction.mdx
Invalid category
Page edited:  zh-Hant/introduction.mdx
Invalid category
Page edited:  zh-Hant/introduction.mdx
Invalid category
Page edited:  en/introduction.mdx
Invalid category
Page edited:  zh-Hant/quickinstallapi.mdx
Invalid category
Page edited:  en/quickinstallapi.mdx
Invalid category
Page edited:  en/introductionapi.mdx
Invalid category
Page edited:  zh-Hant/introductionapi.mdx
Invalid category
Page edited:  zh-Hant/introductionapi.mdx
Invalid category
Page edited:  zh-Hant/introductionapi.mdx
Invalid category
Page edited:  zh-Hant/introductionapi.mdx
Invalid category
Page edited:  zh-Hant/introductionapi.mdx
Invalid category
Page edited:  zh-Hant/introductionapi.mdx
Invalid category
Page edited:  zh-Hant/introductionapi.mdx
Invalid category
Page edited:  zh-Hant/introductionapi.mdx
Invalid category
Page edited:  zh-Hant/introductionapi.mdx
Invalid category
Page edited:  zh-Hant/introductionapi.mdx
Invalid category
Page edited:  zh-Hant/introductionapi.mdx
Invalid category
Page edited:  zh-Hant/introductionapi.mdx
Invalid category
Page edited:  zh-Hant/introductionapi.mdx
Invalid category
Page edited:  en/introductionapi.mdx
Invalid category
Page edited:  en/introductionapi.mdx
Invalid category
Page edited:  en/introductionapi.mdx
Invalid category
Page edited:  en/introductionapi.mdx
Invalid category
Page edited:  en/introductionapi.mdx
Invalid category
Page edited:  en/introductionapi.mdx
Invalid category
Page edited:  en/introductionapi.mdx
Invalid category
Page edited:  en/introductionapi.mdx
Invalid category
Page edited:  zh-Hant/exampleapi.mdx
Invalid category
Page edited:  en/exampleapi.mdx
Invalid category
Page edited:  en/exampleapi.mdx
Invalid category
Page edited:  en/exampleapi.mdx
Invalid category
Page edited:  en/exampleapi.mdx
Invalid category
Page edited:  zh-Hant/exampleapi.mdx
Invalid category
Page edited:  zh-Hant/exampleapi.mdx
Invalid category
Page edited:  zh-Hant/exampleapi.mdx
Invalid category
Page edited:  en/exampleapi.mdx
Invalid category
Page edited:  en/quickinstallsdk.mdx
Invalid category
Page edited:  en/quickinstallapi.mdx
Invalid category
Page edited:  en/quickinstallapi.mdx
Invalid category
Page edited:  en/quickinstallapi.mdx
Invalid category
Page edited:  zh-Hant/quickinstallsdk.mdx
Invalid category
Page edited:  zh-Hant/quickinstallapi.mdx
Invalid category
Page edited:  zh-Hant/quickinstallapi.mdx
Invalid category
Page edited:  zh-Hant/quickinstallsdk.mdx
Invalid category
Page edited:  zh-Hant/quickinstallsdk.mdx
Invalid category
Page edited:  en/quickinstallapi.mdx
Invalid category
Page edited:  en/quickinstallsdk.mdx
Invalid category
Page edited:  en/quickinstallsdk.mdx
Invalid category
Page edited:  en/quickinstallsdk.mdx
Invalid category
Page edited:  en/quickinstallsdk.mdx
Invalid category
Page edited:  en/quickinstallsdk.mdx
Invalid category
Page edited:  en/quickinstallsdk.mdx
Invalid category
Page edited:  en/quickinstallsdk.mdx
Invalid category
Page edited:  en/quickinstallsdk.mdx
Invalid category
Page edited:  en/quickinstallsdk.mdx
Invalid category
Page edited:  en/quickinstallapi.mdx
Invalid category
Page edited:  zh-Hant/quickinstallsdk.mdx
Invalid category
Page edited:  zh-Hant/quickinstallapi.mdx
Invalid category
Page edited:  en/introductionapi.mdx
Invalid category
Page edited:  zh-Hant/introductionapi.mdx
Invalid category
Page edited:  en/introductionapi.mdx
Invalid category
Page edited:  zh-Hant/introductionapi.mdx
Invalid category
Page edited:  zh-Hant/introduction.mdx
Invalid category
Page edited:  zh-Hant/introduction.mdx
Invalid category
Page edited:  zh-Hant/introduction.mdx
Invalid category
Page edited:  zh-Hant/introduction.mdx
Invalid category
Page edited:  zh-Hant/introduction.mdx
Invalid category
Page edited:  zh-Hant/exampleapi.mdx
Invalid category
Page edited:  en/exampleapi.mdx
Invalid category
Page edited:  en/exampleapi.mdx
Invalid category
Page edited:  en/exampleapi.mdx
Invalid category
Page edited:  en/exampleapi.mdx
Invalid category
Page edited:  en/exampleapi.mdx
Invalid category
Page edited:  en/exampleapi.mdx
Invalid category
Page edited:  en/exampleapi.mdx
Invalid category
Page edited:  en/exampleapi.mdx
Invalid category
Page edited:  zh-Hant/exampleapi.mdx
Invalid category
Page edited:  zh-Hant/exampleapi.mdx
Invalid category
Page edited:  zh-Hant/exampleapi.mdx
Invalid category
Page edited:  zh-Hant/exampleapi.mdx
Invalid category
Page edited:  zh-Hant/exampleapi.mdx
Invalid category
Page edited:  zh-Hant/exampleapi.mdx
Invalid category
Page edited:  en/exampleapi.mdx
Invalid category
Page edited:  en/exampleapi.mdx
Invalid category
Page edited:  en/exampleapi.mdx
Invalid category
Page edited:  zh-Hant/exampleapi.mdx
Invalid category
Page edited:  zh-Hant/introductionapi.mdx
Invalid category
Page edited:  zh-Hant/introductionapi.mdx
Invalid category
Page edited:  zh-Hant/introductionapi.mdx
Invalid category
Page edited:  zh-Hant/introductionapi.mdx
Invalid category
Page edited:  zh-Hant/introductionapi.mdx
Invalid category
Page edited:  zh-Hant/introductionapi.mdx
Invalid category
Page edited:  zh-Hant/introductionapi.mdx
Invalid category
Page edited:  zh-Hant/introductionapi.mdx
Invalid category
Page edited:  zh-Hant/introductionapi.mdx
Invalid category
Page edited:  zh-Hant/introductionapi.mdx
Invalid category
Page edited:  zh-Hant/introductionapi.mdx
Invalid category
Page edited:  zh-Hant/introductionapi.mdx
Invalid category
Page edited:  zh-Hant/introductionapi.mdx
Invalid category
Page edited:  zh-Hant/introductionapi.mdx
Invalid category
Page edited:  zh-Hant/introductionapi.mdx
Invalid category
Page edited:  en/introductionapi.mdx
Invalid category
Page edited:  en/introductionapi.mdx
Invalid category
Page edited:  en/introductionapi.mdx
Invalid category
Page edited:  en/introductionapi.mdx
Invalid category
Page edited:  en/introductionapi.mdx
Invalid category
Page edited:  en/introductionapi.mdx
Invalid category
Page edited:  en/introductionapi.mdx
Invalid category
Page edited:  en/introductionapi.mdx
Invalid category
Page edited:  en/introductionapi.mdx
Invalid category
Page edited:  en/introductionapi.mdx
Invalid category
Page edited:  en/introductionapi.mdx
Invalid category
Page edited:  en/introductionapi.mdx
Invalid category
Page edited:  en/introductionapi.mdx
Invalid category
Page edited:  en/introductionapi.mdx
Invalid category
Page edited:  zh-Hant/usermanagementsdk.mdx
Invalid category
Page edited:  zh-Hant/usermanagementsdk.mdx
Invalid category
Page edited:  zh-Hant/usermanagementsdk.mdx
Invalid category
Page edited:  en/usermanagementsdk.mdx
Invalid category
Page edited:  en/usermanagementsdk.mdx
Invalid category
Page edited:  zh-Hant/usermanagementsdk.mdx
Invalid category
Page edited:  zh-Hant/usermanagementsdk.mdx
Invalid category
Page edited:  en/usermanagementsdk.mdx
Invalid category
Page edited:  en/usermanagementsdk.mdx
Invalid category
Page edited:  zh-Hant/usermanagementsdk.mdx
Invalid category
Page edited:  zh-Hant/usermanagementsdk.mdx
Invalid category
Page edited:  zh-Hant/usermanagementsdk.mdx
Invalid category
Page edited:  zh-Hant/usermanagementsdk.mdx
Invalid category
Page edited:  en/usermanagementsdk.mdx
Invalid category
Page edited:  en/usermanagementsdk.mdx
Invalid category
Page edited:  en/usermanagementsdk.mdx
Invalid category
Page edited:  en/usermanagementsdk.mdx
Invalid category
Page edited:  en/usermanagementsdk.mdx
Invalid category
Page edited:  zh-Hant/usermanagementsdk.mdx
Invalid category
Page edited:  zh-Hant/usermanagementsdk.mdx
Invalid category
Page edited:  zh-Hant/usermanagementsdk.mdx
Invalid category
Page edited:  en/usermanagementsdk.mdx
Invalid category
Page edited:  en/usermanagementsdk.mdx
Invalid category
Page edited:  en/usermanagementsdk.mdx
Invalid category
Page edited:  zh-Hant/usermanagementsdk.mdx
Invalid category
Page edited:  zh-Hant/usermanagementsdk.mdx
Invalid category
Page edited:  en/usermanagementsdk.mdx
Invalid category
Page edited:  en/usermanagementsdk.mdx
Invalid category
Page edited:  zh-Hant/usermanagementsdk.mdx
Invalid category
Page edited:  zh-Hant/usermanagementsdk.mdx
Invalid category
Page edited:  en/usermanagementsdk.mdx
Invalid category
Page edited:  en/usermanagementsdk.mdx
Invalid category
Page edited:  zh-Hant/usermanagementsdk.mdx
Invalid category
Page edited:  zh-Hant/usermanagementsdk.mdx
Invalid category
Page edited:  zh-Hant/usermanagementsdk.mdx
Invalid category
Page edited:  zh-Hant/usermanagementsdk.mdx
Invalid category
Page edited:  en/usermanagementsdk.mdx
Invalid category
Page edited:  en/usermanagementsdk.mdx
Invalid category
Page edited:  zh-Hant/usermanagementsdk.mdx
Invalid category
Page edited:  zh-Hant/usermanagementsdk.mdx
Invalid category
Page edited:  zh-Hant/usermanagementsdk.mdx
Invalid category
Page edited:  en/usermanagementsdk.mdx
Invalid category
Page edited:  zh-Hant/usermanagementsdk.mdx
Invalid category
Page edited:  en/usermanagementsdk.mdx
Invalid category
Page edited:  en/usermanagementsdk.mdx
Invalid category
Page edited:  en/usermanagementsdk.mdx
Invalid category
Page edited:  zh-Hant/usermanagementsdk.mdx
Invalid category
Page edited:  zh-Hant/usermanagementsdk.mdx
Invalid category
Page edited:  zh-Hant/usermanagementsdk.mdx
Invalid category
Page edited:  en/usermanagementsdk.mdx
Invalid category
Page edited:  en/usermanagementsdk.mdx
Invalid category
Page edited:  en/usermanagementsdk.mdx
Invalid category
Page edited:  en/usermanagementsdk.mdx
Invalid category
Page edited:  zh-Hant/usermanagementsdk.mdx
Invalid category
Page edited:  zh-Hant/usermanagementsdk.mdx
Invalid category
Page edited:  zh-Hant/usermanagementsdk.mdx
Invalid category
Page edited:  zh-Hant/usermanagementsdk.mdx
Invalid category
Page edited:  zh-Hant/usermanagementsdk.mdx
Invalid category
Page edited:  zh-Hant/usermanagementsdk.mdx
Invalid category
Page edited:  zh-Hant/usermanagementsdk.mdx
Invalid category
Page edited:  zh-Hant/usermanagementsdk.mdx
Invalid category
Page edited:  zh-Hant/usermanagementsdk.mdx
Invalid category
Page edited:  en/usermanagementsdk.mdx
Invalid category
Page edited:  en/usermanagementsdk.mdx
Invalid category
Page edited:  en/usermanagementsdk.mdx
Invalid category
Page edited:  en/usermanagementsdk.mdx
Invalid category
Page edited:  en/usermanagementsdk.mdx
Invalid category
Page edited:  en/usermanagementsdk.mdx
Invalid category
Page edited:  en/usermanagementsdk.mdx
Invalid category
Page edited:  zh-Hant/usermanagementsdk.mdx
Invalid category
Page edited:  en/usermanagementsdk.mdx
Invalid category
Page edited:  en/usermanagementsdk.mdx
Invalid category
Page edited:  en/usermanagementsdk.mdx
Invalid category
Page edited:  en/usermanagementsdk.mdx
Invalid category
Page edited:  zh-Hant/usermanagementsdk.mdx
Invalid category
Page edited:  zh-Hant/usermanagementsdk.mdx
Invalid category
Page edited:  zh-Hant/trademanagementsdk.mdx
Invalid category
Page edited:  en/trademanagementsdk.mdx
Invalid category
Page edited:  en/trademanagementsdk.mdx
Invalid category
Page edited:  en/trademanagementsdk.mdx
Invalid category
Page edited:  zh-Hant/trademanagementsdk.mdx
Invalid category
Page edited:  zh-Hant/trademanagementsdk.mdx
Invalid category
Page edited:  zh-Hant/trademanagementsdk.mdx
Invalid category
Page edited:  zh-Hant/trademanagementsdk.mdx
Invalid category
Page edited:  zh-Hant/trademanagementsdk.mdx
Invalid category
Page edited:  zh-Hant/trademanagementsdk.mdx
Invalid category
Page edited:  zh-Hant/trademanagementsdk.mdx
Invalid category
Page edited:  zh-Hant/trademanagementsdk.mdx
Invalid category
Page edited:  zh-Hant/trademanagementsdk.mdx
Invalid category
Page edited:  zh-Hant/trademanagementsdk.mdx
Invalid category
Page edited:  zh-Hant/trademanagementsdk.mdx
Invalid category
Page edited:  zh-Hant/trademanagementsdk.mdx
Invalid category
Page edited:  zh-Hant/trademanagementsdk.mdx
Invalid category
Page edited:  zh-Hant/trademanagementsdk.mdx
Invalid category
Page edited:  zh-Hant/trademanagementsdk.mdx
Invalid category
Page edited:  zh-Hant/trademanagementsdk.mdx
Invalid category
Page edited:  en/trademanagementsdk.mdx
Invalid category
Page edited:  en/trademanagementsdk.mdx
Invalid category
Page edited:  en/trademanagementsdk.mdx
Invalid category
Page edited:  en/trademanagementsdk.mdx
Invalid category
Page edited:  en/trademanagementsdk.mdx
Invalid category
Page edited:  en/trademanagementsdk.mdx
Invalid category
Page edited:  en/trademanagementsdk.mdx
Invalid category
Page edited:  en/trademanagementsdk.mdx
Invalid category
Page edited:  en/trademanagementsdk.mdx
Invalid category
Page edited:  en/trademanagementsdk.mdx
Invalid category
Page edited:  zh-Hant/trademanagementsdk.mdx
Invalid category
Page edited:  en/trademanagementsdk.mdx
Invalid category
Page edited:  en/trademanagementsdk.mdx
Invalid category
Page edited:  zh-Hant/trademanagementsdk.mdx
Invalid category
Page edited:  zh-Hant/trademanagementsdk.mdx
Invalid category
Page edited:  en/trademanagementsdk.mdx
Invalid category
Page edited:  en/trademanagementsdk.mdx
Invalid category
Page edited:  en/trademanagementsdk.mdx
Invalid category
Page edited:  en/trademanagementsdk.mdx
Invalid category
Page edited:  zh-Hant/systemmanagementsdk.mdx
Invalid category
Page edited:  zh-Hant/systemmanagementsdk.mdx
Invalid category
Page edited:  zh-Hant/systemmanagementsdk.mdx
Invalid category
Page edited:  zh-Hant/systemmanagementsdk.mdx
Invalid category
Page edited:  zh-Hant/systemmanagementsdk.mdx
Invalid category
Page edited:  zh-Hant/systemmanagementsdk.mdx
Invalid category
Page edited:  en/systemmanagementsdk.mdx
Invalid category
Page edited:  en/systemmanagementsdk.mdx
Invalid category
Page edited:  en/systemmanagementsdk.mdx
Invalid category
Page edited:  en/systemmanagementsdk.mdx
Invalid category
Page edited:  en/systemmanagementsdk.mdx
Invalid category
Page edited:  en/systemmanagementsdk.mdx
Invalid category
Page edited:  zh-Hant/systemmanagementsdk.mdx
Invalid category
Page edited:  en/systemmanagementsdk.mdx
Invalid category
Page edited:  en/systemmanagementsdk.mdx
Invalid category
Page edited:  en/systemmanagementsdk.mdx
Invalid category
